<?xml version="1.0" encoding="UTF-8"?>
<testsuite xmlns:xsi="http://www.w3.org/2001/XMLSchema-instance" xsi:noNamespaceSchemaLocation="https://maven.apache.org/surefire/maven-surefire-plugin/xsd/surefire-test-report.xsd" name="org.junit.jupiter.PolygonCalculatorAppWhiteBoxTests" time="0.294" tests="8" errors="0" skipped="0" failures="2">
  <properties>
[...]
</properties>
  <testcase name="testAreaCalculationWithInvalidInput" classname="org.junit.jupiter.PolygonCalculatorAppWhiteBoxTests" time="0.109">
    <failure message="Expected java.lang.IllegalArgumentException to be thrown, but nothing was thrown." type="org.opentest4j.AssertionFailedError">org.opentest4j.AssertionFailedError: Expected java.lang.IllegalArgumentException to be thrown, but nothing was thrown.
	at org.junit.jupiter.PolygonCalculatorAppWhiteBoxTests.testAreaCalculationWithInvalidInput(PolygonCalculatorAppWhiteBoxTests.java:32)
</failure>
    <system-out><![CDATA[
 +-------------------------------------------------------------------------------+
 | WARNING:                                                                      |
 | The junit-platform-surefire-provider has been deprecated and is scheduled to  |
 | be removed in JUnit Platform 1.4. Please use the built-in support in Maven    |
 | Surefire >= 2.22.0 instead.                                                   |
 | » https://junit.org/junit5/docs/current/user-guide/#running-tests-build-maven |
 +-------------------------------------------------------------------------------+

]]></system-out>
  </testcase>
  <testcase name="testAreaCalculationTriangle" classname="org.junit.jupiter.PolygonCalculatorAppWhiteBoxTests" time="0.002"/>
  <testcase name="testIdentifyNonTriangle" classname="org.junit.jupiter.PolygonCalculatorAppWhiteBoxTests" time="0.004"/>
  <testcase name="testHandSizeComparisonWithinRange" classname="org.junit.jupiter.PolygonCalculatorAppWhiteBoxTests" time="0.002">
    <failure message="expected: &lt;The area is smaller than a child&apos;s hand size.&gt; but was: &lt;The area is close to the size of a child&apos;s hand.&gt;" type="org.opentest4j.AssertionFailedError"><![CDATA[org.opentest4j.AssertionFailedError: expected: <The area is smaller than a child's hand size.> but was: <The area is close to the size of a child's hand.>
	at org.junit.jupiter.PolygonCalculatorAppWhiteBoxTests.testHandSizeComparisonWithinRange(PolygonCalculatorAppWhiteBoxTests.java:38)
]]></failure>
  </testcase>
  <testcase name="testIdentifyTriangle" classname="org.junit.jupiter.PolygonCalculatorAppWhiteBoxTests" time="0.002"/>
  <testcase name="testHandSizeComparisonAboveRange" classname="org.junit.jupiter.PolygonCalculatorAppWhiteBoxTests" time="0.007"/>
  <testcase name="testPerimeterCalculationTriangle" classname="org.junit.jupiter.PolygonCalculatorAppWhiteBoxTests" time="0.002"/>
  <testcase name="testHandSizeComparisonBelowRange" classname="org.junit.jupiter.PolygonCalculatorAppWhiteBoxTests" time="0"/>
</testsuite>